  Cart.cpp
  Customer.cpp
C:\Users\Legion\OneDrive\Desktop\Online Marketplace\Online Marketplace\Customer.cpp(60,20): warning C4018: '<': signed/unsigned mismatch
C:\Users\Legion\OneDrive\Desktop\Online Marketplace\Online Marketplace\Customer.cpp(62,45): warning C4244: '+=': conversion from 'double' to 'float', possible loss of data
  Product.cpp
  Seller.cpp
  Source.cpp
C:\Users\Legion\OneDrive\Desktop\Online Marketplace\Online Marketplace\Source.cpp(39,1): warning C4326: return type of 'main' should be 'int' instead of 'void'
C:\Users\Legion\OneDrive\Desktop\Online Marketplace\Online Marketplace\Source.cpp(91,20): warning C4018: '<': signed/unsigned mismatch
C:\Users\Legion\OneDrive\Desktop\Online Marketplace\Online Marketplace\Source.cpp(104,20): warning C4018: '<': signed/unsigned mismatch
C:\Users\Legion\OneDrive\Desktop\Online Marketplace\Online Marketplace\Source.cpp(119,20): warning C4018: '<': signed/unsigned mismatch
C:\Users\Legion\OneDrive\Desktop\Online Marketplace\Online Marketplace\Source.cpp(287,22): warning C4018: '<': signed/unsigned mismatch
C:\Users\Legion\OneDrive\Desktop\Online Marketplace\Online Marketplace\Source.cpp(346,19): warning C4018: '<': signed/unsigned mismatch
C:\Users\Legion\OneDrive\Desktop\Online Marketplace\Online Marketplace\Source.cpp(351,23): warning C4018: '<': signed/unsigned mismatch
C:\Users\Legion\OneDrive\Desktop\Online Marketplace\Online Marketplace\Source.cpp(362,18): warning C4018: '<': signed/unsigned mismatch
C:\Users\Legion\OneDrive\Desktop\Online Marketplace\Online Marketplace\Source.cpp(381,22): warning C4018: '<': signed/unsigned mismatch
C:\Users\Legion\OneDrive\Desktop\Online Marketplace\Online Marketplace\Source.cpp(401,20): warning C4018: '<': signed/unsigned mismatch
C:\Users\Legion\OneDrive\Desktop\Online Marketplace\Online Marketplace\Source.cpp(406,24): warning C4018: '<': signed/unsigned mismatch
  Generating Code...
  Online Marketplace.vcxproj -> C:\Users\Legion\OneDrive\Desktop\Online Marketplace\Debug\Online Marketplace.exe
